<?xml version="1.0" encoding="UTF-8"?>
<!-- Generated by org.testng.reporters.JUnitReportReporter -->
<testsuite skipped="0" hostname="KEERTHI-PC" name="testNg.org.Sample" tests="3" failures="0" timestamp="21 Feb 2023 14:40:35 GMT" time="5.471" errors="0">
  <testcase name="tc1" time="0.044" classname="testNg.org.Sample"/>
  <testcase name="tc3" time="5.421" classname="testNg.org.Sample"/>
  <testcase name="tc2" time="0.006" classname="testNg.org.Sample"/>
</testsuite> <!-- testNg.org.Sample -->
