<?xml version="1.0" encoding="UTF-8"?>
<!-- Generated by org.testng.reporters.JUnitReportReporter -->
<testsuite skipped="0" hostname="KEERTHI-PC" name="testNg.org.B" tests="1" failures="0" timestamp="28 Aug 2022 04:22:49 GMT" time="0.031" errors="0">
  <testcase name="tc16" time="0.031" classname="testNg.org.B"/>
</testsuite> <!-- testNg.org.B -->
