<?xml version="1.0" encoding="UTF-8"?>
<!-- Generated by org.testng.reporters.JUnitReportReporter -->
<testsuite skipped="0" hostname="KEERTHI-PC" name="testNg.org.A" tests="1" failures="0" timestamp="27 Aug 2022 19:13:51 GMT" time="0.031" errors="0">
  <testcase name="tc33" time="0.031" classname="testNg.org.A"/>
</testsuite> <!-- testNg.org.A -->
